<?xml version="1.0" encoding="UTF-8"?>
<!-- Generated by org.testng.reporters.JUnitXMLReporter -->
<testsuite hostname="DESKTOP-A956FE6" ignored="3" name="Default test(failed)" tests="1" failures="1" timestamp="20 Mar 2023 11:21:45 GMT" time="0.077" errors="0">
  <testcase name="test13" time="0.024" classname="org.test.ManualReRun">
    <failure type="java.lang.AssertionError" message="expected [true] but found [false]">
      <![CDATA[java.lang.AssertionError: expected [true] but found [false]
at org.test.ManualReRun.test13(ManualReRun.java:19)
... Removed 29 stack frames]]>
    </failure>
  </testcase> <!-- test13 -->
  <testcase name="test12" time="0.0" classname="org.test.ManualReRun">
    <ignored/>
  </testcase> <!-- test12 -->
  <testcase name="test14" time="0.0" classname="org.test.ManualReRun">
    <ignored/>
  </testcase> <!-- test14 -->
  <testcase name="test11" time="0.0" classname="org.test.ManualReRun">
    <ignored/>
  </testcase> <!-- test11 -->
</testsuite> <!-- Default test(failed) -->
