<?xml version="1.0" encoding="UTF-8"?>
<!-- Generated by org.testng.reporters.JUnitXMLReporter -->
<testsuite hostname="DESKTOP-A956FE6" ignored="6" name="Test" tests="4" failures="0" timestamp="18 Mar 2023 09:28:28 GMT" time="0.068" errors="0">
  <testcase name="test21" time="0.017" classname="org.test.Group2"/>
  <testcase name="test23" time="0.004" classname="org.test.Group2"/>
  <testcase name="test11" time="0.001" classname="org.test.Group"/>
  <testcase name="test14" time="0.001" classname="org.test.Group"/>
  <testcase name="test22" time="0.0" classname="org.test.Group2">
    <ignored/>
  </testcase> <!-- test22 -->
  <testcase name="test32" time="0.0" classname="org.test.Group3">
    <ignored/>
  </testcase> <!-- test32 -->
  <testcase name="test24" time="0.0" classname="org.test.Group2">
    <ignored/>
  </testcase> <!-- test24 -->
  <testcase name="test12" time="0.0" classname="org.test.Group">
    <ignored/>
  </testcase> <!-- test12 -->
  <testcase name="test31" time="0.0" classname="org.test.Group3">
    <ignored/>
  </testcase> <!-- test31 -->
  <testcase name="test13" time="0.0" classname="org.test.Group">
    <ignored/>
  </testcase> <!-- test13 -->
</testsuite> <!-- Test -->
